Unity Editor version:    2022.3.22f1 (887be4894c44)
Branch:                  2022.3/staging
Build type:              Release
Batch mode:              YES
macOS version:           Version 14.2.1 (Build 23C71)
Darwin version:          23.2.0
Architecture:            arm64
Running under Rosetta:   NO
Available memory:        16384 MB
Using pre-set license
Pro License: YES

COMMAND LINE ARGUMENTS:
/Applications/Unity/Hub/Editor/2022.3.22f1/Unity.app/Contents/MacOS/Unity
-adb2
-batchMode
-noUpm
-name
AssetImportWorker0
-projectPath
/Users/ksenichault/Desktop/CS179N/Moonlight_Manor
-logFile
Logs/AssetImportWorker0.log
-srvPort
58010
Successfully changed project path to: /Users/ksenichault/Desktop/CS179N/Moonlight_Manor
/Users/ksenichault/Desktop/CS179N/Moonlight_Manor
[UnityMemory] Configuration Parameters - Can be set up in boot.config
    "memorysetup-bucket-allocator-granularity=16"
    "memorysetup-bucket-allocator-bucket-count=8"
    "memorysetup-bucket-allocator-block-size=33554432"
    "memorysetup-bucket-allocator-block-count=8"
    "memorysetup-main-allocator-block-size=16777216"
    "memorysetup-thread-allocator-block-size=16777216"
    "memorysetup-gfx-main-allocator-block-size=16777216"
    "memorysetup-gfx-thread-allocator-block-size=16777216"
    "memorysetup-cache-allocator-block-size=4194304"
    "memorysetup-typetree-allocator-block-size=2097152"
    "memorysetup-profiler-bucket-allocator-granularity=16"
    "memorysetup-profiler-bucket-allocator-bucket-count=8"
    "memorysetup-profiler-bucket-allocator-block-size=33554432"
    "memorysetup-profiler-bucket-allocator-block-count=8"
    "memorysetup-profiler-allocator-block-size=16777216"
    "memorysetup-profiler-editor-allocator-block-size=1048576"
    "memorysetup-temp-allocator-size-main=16777216"
    "memorysetup-job-temp-allocator-block-size=2097152"
    "memorysetup-job-temp-allocator-block-size-background=1048576"
    "memorysetup-job-temp-allocator-reduction-small-platforms=262144"
    "memorysetup-allocator-temp-initial-block-size-main=262144"
    "memorysetup-allocator-temp-initial-block-size-worker=262144"
    "memorysetup-temp-allocator-size-background-worker=32768"
    "memorysetup-temp-allocator-size-job-worker=262144"
    "memorysetup-temp-allocator-size-preload-manager=33554432"
    "memorysetup-temp-allocator-size-nav-mesh-worker=65536"
    "memorysetup-temp-allocator-size-audio-worker=65536"
    "memorysetup-temp-allocator-size-cloud-worker=32768"
    "memorysetup-temp-allocator-size-gi-baking-worker=262144"
    "memorysetup-temp-allocator-size-gfx=262144"
Player connection [8011386880] Host "[IP] 192.168.1.116 [Port] 0 [Flags] 2 [Guid] 3626617765 [EditorId] 3626617765 [Version] 1048832 [Id] OSXEditor(0,MBP-de-Kimia.lan) [Debug] 1 [PackageName] OSXEditor [ProjectName] Editor" joined multi-casting on [225.0.0.222:54997]...

Player connection [8011386880] Host "[IP] 192.168.1.116 [Port] 0 [Flags] 2 [Guid] 3626617765 [EditorId] 3626617765 [Version] 1048832 [Id] OSXEditor(0,MBP-de-Kimia.lan) [Debug] 1 [PackageName] OSXEditor [ProjectName] Editor" joined alternative multi-casting on [225.0.0.222:34997]...

[Physics::Module] Initialized MultithreadedJobDispatcher with 7 workers.
Refreshing native plugins compatible for Editor in 13.81 ms, found 2 plugins.
Preloading 0 native plugins for Editor in 0.00 ms.
Initialize engine version: 2022.3.22f1 (887be4894c44)
[Subsystems] Discovering subsystems at path /Applications/Unity/Hub/Editor/2022.3.22f1/Unity.app/Contents/Resources/UnitySubsystems
[Subsystems] Discovering subsystems at path /Users/ksenichault/Desktop/CS179N/Moonlight_Manor/Assets
GfxDevice: creating device client; threaded=0; jobified=0
 preferred device: Apple M2 (high power)
Metal devices available: 1
0: Apple M2 (high power)
Using device Apple M2 (high power)
Initializing Metal device caps: Apple M2
Initialize mono
Mono path[0] = '/Applications/Unity/Hub/Editor/2022.3.22f1/Unity.app/Contents/Managed'
Mono path[1] = '/Applications/Unity/Hub/Editor/2022.3.22f1/Unity.app/Contents/MonoBleedingEdge/lib/mono/unityjit-macos'
Mono config path = '/Applications/Unity/Hub/Editor/2022.3.22f1/Unity.app/Contents/MonoBleedingEdge/etc'
Using monoOptions --debugger-agent=transport=dt_socket,embedding=1,server=y,suspend=n,address=127.0.0.1:56293
Begin MonoManager ReloadAssembly
Registering precompiled unity dll's ...
Register platform support module: /Applications/Unity/Hub/Editor/2022.3.22f1/PlaybackEngines/WebGLSupport/UnityEditor.WebGL.Extensions.dll
Register platform support module: /Applications/Unity/Hub/Editor/2022.3.22f1/Unity.app/Contents/PlaybackEngines/MacStandaloneSupport/UnityEditor.OSXStandalone.Extensions.dll
Registered in 0.005195 seconds.
- Loaded All Assemblies, in  0.354 seconds
Native extension for OSXStandalone target not found
Native extension for WebGL target not found
Mono: successfully reloaded assembly
- Finished resetting the current domain, in  0.244 seconds
Domain Reload Profiling: 599ms
	BeginReloadAssembly (110ms)
		ExecutionOrderSort (0ms)
		DisableScriptedObjects (0ms)
		BackupInstance (0ms)
		ReleaseScriptingObjects (0ms)
		CreateAndSetChildDomain (1ms)
	RebuildCommonClasses (35ms)
	RebuildNativeTypeToScriptingClass (12ms)
	initialDomainReloadingComplete (51ms)
	LoadAllAssembliesAndSetupDomain (146ms)
		LoadAssemblies (110ms)
		RebuildTransferFunctionScriptingTraits (0ms)
		AnalyzeDomain (144ms)
			TypeCache.Refresh (142ms)
				TypeCache.ScanAssembly (128ms)
			ScanForSourceGeneratedMonoScriptInfo (0ms)
			ResolveRequiredComponents (0ms)
	FinalizeReload (245ms)
		ReleaseScriptCaches (0ms)
		RebuildScriptCaches (0ms)
		SetupLoadedEditorAssemblies (187ms)
			LogAssemblyErrors (0ms)
			InitializePlatformSupportModulesInManaged (9ms)
			SetLoadedEditorAssemblies (5ms)
			RefreshPlugins (0ms)
			BeforeProcessingInitializeOnLoad (2ms)
			ProcessInitializeOnLoadAttributes (131ms)
			ProcessInitializeOnLoadMethodAttributes (40ms)
			AfterProcessingInitializeOnLoad (0ms)
			EditorAssembliesLoaded (0ms)
		ExecutionOrderSort2 (0ms)
		AwakeInstancesAfterBackupRestoration (0ms)
========================================================================
Worker process is ready to serve import requests
Begin MonoManager ReloadAssembly
Symbol file data-0x140238000 doesn't match image /Users/ksenichault/Desktop/CS179N/Moonlight_Manor/Library/ScriptAssemblies/Unity.Timeline.dll
Symbol file LoadedFromMemory is not a mono symbol file
Symbol file data-0x151c4ec00 doesn't match image /Users/ksenichault/Desktop/CS179N/Moonlight_Manor/Library/ScriptAssemblies/Unity.TestTools.CodeCoverage.Editor.OpenCover.Mono.Reflection.dll
Symbol file LoadedFromMemory is not a mono symbol file
Symbol file data-0x1200f0000 doesn't match image /Users/ksenichault/Desktop/CS179N/Moonlight_Manor/Library/ScriptAssemblies/UnityEngine.UI.dll
Symbol file LoadedFromMemory is not a mono symbol file
Symbol file data-0x15117be00 doesn't match image /Users/ksenichault/Desktop/CS179N/Moonlight_Manor/Library/ScriptAssemblies/Unity.EditorCoroutines.Editor.dll
Symbol file LoadedFromMemory is not a mono symbol file
Symbol file data-0x151c4ec00 doesn't match image /Users/ksenichault/Desktop/CS179N/Moonlight_Manor/Library/ScriptAssemblies/Unity.VisualScripting.SettingsProvider.Editor.dll
Symbol file LoadedFromMemory is not a mono symbol file
Symbol file data-0x131340000 doesn't match image /Users/ksenichault/Desktop/CS179N/Moonlight_Manor/Library/ScriptAssemblies/Unity.Performance.Profile-Analyzer.Editor.dll
Symbol file LoadedFromMemory is not a mono symbol file
Symbol file data-0x131460000 doesn't match image /Users/ksenichault/Desktop/CS179N/Moonlight_Manor/Library/ScriptAssemblies/Unity.TestTools.CodeCoverage.Editor.dll
Symbol file LoadedFromMemory is not a mono symbol file
Symbol file data-0x14f96be00 doesn't match image /Users/ksenichault/Desktop/CS179N/Moonlight_Manor/Library/ScriptAssemblies/Unity.TestTools.CodeCoverage.Editor.OpenCover.Model.dll
Symbol file LoadedFromMemory is not a mono symbol file
Symbol file data-0x131460000 doesn't match image /Users/ksenichault/Desktop/CS179N/Moonlight_Manor/Library/ScriptAssemblies/Unity.VisualScripting.State.Editor.dll
Symbol file LoadedFromMemory is not a mono symbol file
Symbol file data-0x1403c0000 doesn't match image /Users/ksenichault/Desktop/CS179N/Moonlight_Manor/Library/ScriptAssemblies/Unity.Timeline.Editor.dll
Symbol file LoadedFromMemory is not a mono symbol file
Symbol file data-0x151c4ec00 doesn't match image /Users/ksenichault/Desktop/CS179N/Moonlight_Manor/Library/ScriptAssemblies/Unity.Settings.Editor.dll
Symbol file LoadedFromMemory is not a mono symbol file
Symbol file data-0x151c3be00 doesn't match image /Users/ksenichault/Desktop/CS179N/Moonlight_Manor/Library/ScriptAssemblies/Unity.VisualScripting.Shared.Editor.dll
Symbol file LoadedFromMemory is not a mono symbol file
Symbol file data-0x151198800 doesn't match image /Users/ksenichault/Desktop/CS179N/Moonlight_Manor/Library/ScriptAssemblies/Unity.CollabProxy.Editor.dll
Symbol file LoadedFromMemory is not a mono symbol file
Symbol file data-0x140410000 doesn't match image /Users/ksenichault/Desktop/CS179N/Moonlight_Manor/Library/ScriptAssemblies/Unity.TextMeshPro.dll
Symbol file LoadedFromMemory is not a mono symbol file
Symbol file data-0x1403c0000 doesn't match image /Users/ksenichault/Desktop/CS179N/Moonlight_Manor/Library/ScriptAssemblies/Unity.VisualScripting.Core.dll
Symbol file LoadedFromMemory is not a mono symbol file
Symbol file data-0x140408000 doesn't match image /Users/ksenichault/Desktop/CS179N/Moonlight_Manor/Library/ScriptAssemblies/Unity.TextMeshPro.Editor.dll
Symbol file LoadedFromMemory is not a mono symbol file
Symbol file data-0x140420000 doesn't match image /Users/ksenichault/Desktop/CS179N/Moonlight_Manor/Library/ScriptAssemblies/UnityEditor.UI.dll
Symbol file LoadedFromMemory is not a mono symbol file
Symbol file data-0x140520000 doesn't match image /Users/ksenichault/Desktop/CS179N/Moonlight_Manor/Library/ScriptAssemblies/Unity.VisualScripting.Core.Editor.dll
Symbol file LoadedFromMemory is not a mono symbol file
Symbol file data-0x151198800 doesn't match image /Users/ksenichault/Desktop/CS179N/Moonlight_Manor/Library/ScriptAssemblies/Unity.VisualScripting.State.dll
Symbol file LoadedFromMemory is not a mono symbol file
Symbol file data-0x14c07a000 doesn't match image /Users/ksenichault/Desktop/CS179N/Moonlight_Manor/Library/ScriptAssemblies/Unity.VSCode.Editor.dll
Symbol file LoadedFromMemory is not a mono symbol file
Symbol file data-0x1315e0000 doesn't match image /Users/ksenichault/Desktop/CS179N/Moonlight_Manor/Library/ScriptAssemblies/UnityEditor.TestRunner.dll
Symbol file LoadedFromMemory is not a mono symbol file
Symbol file data-0x1403c0000 doesn't match image /Users/ksenichault/Desktop/CS179N/Moonlight_Manor/Library/ScriptAssemblies/Unity.VisualScripting.Flow.dll
Symbol file LoadedFromMemory is not a mono symbol file
Symbol file data-0x1315e0000 doesn't match image /Users/ksenichault/Desktop/CS179N/Moonlight_Manor/Library/ScriptAssemblies/Unity.VisualScripting.Flow.Editor.dll
Symbol file LoadedFromMemory is not a mono symbol file
- Loaded All Assemblies, in  0.547 seconds
Refreshing native plugins compatible for Editor in 1.19 ms, found 2 plugins.
Native extension for OSXStandalone target not found
Native extension for WebGL target not found
Package Manager log level set to [2]
[Package Manager] Server::EnsureServerProcessIsRunning -- launch failed, reason: Unity was launched with the -noUpm command-line argument
[Package Manager] UpmClient::Send -- Unable to send message (not connected to UPM process).
[Package Manager] Cannot connect to Unity Package Manager local server
Mono: successfully reloaded assembly
- Finished resetting the current domain, in  0.483 seconds
Domain Reload Profiling: 1030ms
	BeginReloadAssembly (104ms)
		ExecutionOrderSort (0ms)
		DisableScriptedObjects (4ms)
		BackupInstance (0ms)
		ReleaseScriptingObjects (0ms)
		CreateAndSetChildDomain (22ms)
	RebuildCommonClasses (34ms)
	RebuildNativeTypeToScriptingClass (12ms)
	initialDomainReloadingComplete (32ms)
	LoadAllAssembliesAndSetupDomain (364ms)
		LoadAssemblies (241ms)
		RebuildTransferFunctionScriptingTraits (0ms)
		AnalyzeDomain (171ms)
			TypeCache.Refresh (156ms)
				TypeCache.ScanAssembly (138ms)
			ScanForSourceGeneratedMonoScriptInfo (10ms)
			ResolveRequiredComponents (5ms)
	FinalizeReload (483ms)
		ReleaseScriptCaches (0ms)
		RebuildScriptCaches (0ms)
		SetupLoadedEditorAssemblies (348ms)
			LogAssemblyErrors (0ms)
			InitializePlatformSupportModulesInManaged (5ms)
			SetLoadedEditorAssemblies (4ms)
			RefreshPlugins (0ms)
			BeforeProcessingInitializeOnLoad (47ms)
			ProcessInitializeOnLoadAttributes (276ms)
			ProcessInitializeOnLoadMethodAttributes (15ms)
			AfterProcessingInitializeOnLoad (1ms)
			EditorAssembliesLoaded (0ms)
		ExecutionOrderSort2 (0ms)
		AwakeInstancesAfterBackupRestoration (3ms)
Launching external process: /Applications/Unity/Hub/Editor/2022.3.22f1/Unity.app/Contents/Tools/UnityShaderCompiler
Launched and connected shader compiler UnityShaderCompiler after 0.07 seconds
Refreshing native plugins compatible for Editor in 1.22 ms, found 2 plugins.
Preloading 0 native plugins for Editor in 0.00 ms.
Unloading 3115 Unused Serialized files (Serialized files now loaded: 0)
Unloading 32 unused Assets / (51.6 KB). Loaded Objects now: 3579.
Memory consumption went from 132.0 MB to 132.0 MB.
Total: 3.211291 ms (FindLiveObjects: 0.156959 ms CreateObjectMapping: 0.077416 ms MarkObjects: 2.876500 ms  DeleteObjects: 0.099917 ms)

AssetImportParameters requested are different than current active one (requested -> active):
  custom:container-demuxer-ogg: 62fdf1f143b41e24485cea50d1cbac27 -> 
  custom:video-decoder-ogg-theora: a1e56fd34408186e4bbccfd4996cb3dc -> 
  custom:CustomObjectIndexerAttribute: 9a22284fe3817be447336de3de66b15e -> 
  custom:container-demuxer-webm: 4f35f7cbe854078d1ac9338744f61a02 -> 
  custom:container-muxer-webm: aa71ff27fc2769a1b78a27578f13a17b -> 
  custom:video-decoder-webm-vp8: 9c59270c3fd7afecdb556c50c9e8de78 -> 
  custom:SearchIndexIgnoredProperties: e643bd26f0fe6173181afceb89e7c659 -> 
  custom:AudioImporter_EditorPlatform: 3918e3fc78b5a79bad01e8451be0beb8 -> 
  custom:framework-osx-AVFoundation: e770b220cccbd017edd2c1fefb359320 -> 
  custom:video-encoder-webm-vp8: eb34c28f22e8b96e1ab97ce403110664 -> 
  custom:audio-decoder-ogg-vorbis: bf7c407c2cedff20999df2af8eb42d56 -> 
  custom:audio-encoder-webm-vorbis: bf7c407c2cedff20999df2af8eb42d56 -> 
========================================================================
Received Import Request.
  Time since last request: 629479.232408 seconds.
  path: Assets/Assets/Lock_asset.prefab
  artifactKey: Guid(1a4d773823ae8430e870d11ae16ba041) Importer(815301076,1909f56bfc062723c751e8b465ee728b)
Start importing Assets/Assets/Lock_asset.prefab using Guid(1a4d773823ae8430e870d11ae16ba041) Importer(815301076,1909f56bfc062723c751e8b465ee728b)  -> (artifact id: 'f98a911eee7aec425fe131a81cc5ba90') in 0.089063 seconds
Number of updated asset objects reloaded before import = 0
Number of asset objects unloaded after import = 71
========================================================================
Received Import Request.
  Time since last request: 10.214470 seconds.
  path: Assets/Assets/kitchen.fbx
  artifactKey: Guid(e549d1354debf4e25b360eba56886420) Importer(815301076,1909f56bfc062723c751e8b465ee728b)
Start importing Assets/Assets/kitchen.fbx using Guid(e549d1354debf4e25b360eba56886420) Importer(815301076,1909f56bfc062723c751e8b465ee728b)  -> (artifact id: '02d914aee83ca44e2e95596afc62bb1a') in 0.456554 seconds
Number of updated asset objects reloaded before import = 0
Number of asset objects unloaded after import = 632
========================================================================
Received Import Request.
  Time since last request: 111.378927 seconds.
  path: Assets/Assets/kitchen.fbx
  artifactKey: Guid(e549d1354debf4e25b360eba56886420) Importer(815301076,1909f56bfc062723c751e8b465ee728b)
Start importing Assets/Assets/kitchen.fbx using Guid(e549d1354debf4e25b360eba56886420) Importer(815301076,1909f56bfc062723c751e8b465ee728b)  -> (artifact id: '5d5d02c54f8450faa8366bc13aa10e97') in 0.445285 seconds
Number of updated asset objects reloaded before import = 0
Number of asset objects unloaded after import = 632
========================================================================
Received Import Request.
  Time since last request: 90.671428 seconds.
  path: Assets/Assets/kitchen.fbx
  artifactKey: Guid(e549d1354debf4e25b360eba56886420) Importer(815301076,1909f56bfc062723c751e8b465ee728b)
Start importing Assets/Assets/kitchen.fbx using Guid(e549d1354debf4e25b360eba56886420) Importer(815301076,1909f56bfc062723c751e8b465ee728b)  -> (artifact id: '6c5a9f0e1eefc3c0ceb4eaa9dfcdcab4') in 0.420008 seconds
Number of updated asset objects reloaded before import = 0
Number of asset objects unloaded after import = 632
========================================================================
Received Import Request.
  Time since last request: 17.525438 seconds.
  path: Assets/Assets/kitchen.fbx
  artifactKey: Guid(e549d1354debf4e25b360eba56886420) Importer(815301076,1909f56bfc062723c751e8b465ee728b)
Start importing Assets/Assets/kitchen.fbx using Guid(e549d1354debf4e25b360eba56886420) Importer(815301076,1909f56bfc062723c751e8b465ee728b)  -> (artifact id: 'e8b9547624b8f874f4e4a910a2a29dc3') in 0.435648 seconds
Number of updated asset objects reloaded before import = 0
Number of asset objects unloaded after import = 711
========================================================================
Received Prepare
Begin MonoManager ReloadAssembly
Thread 0x17d3d3000 may have been prematurely finalized
Symbol file data-0x2e0030000 doesn't match image /Users/ksenichault/Desktop/CS179N/Moonlight_Manor/Library/ScriptAssemblies/Unity.Timeline.dll
Symbol file LoadedFromMemory is not a mono symbol file
Symbol file data-0x12f96d800 doesn't match image /Users/ksenichault/Desktop/CS179N/Moonlight_Manor/Library/ScriptAssemblies/Unity.TestTools.CodeCoverage.Editor.OpenCover.Mono.Reflection.dll
Symbol file LoadedFromMemory is not a mono symbol file
Symbol file data-0x158530000 doesn't match image /Users/ksenichault/Desktop/CS179N/Moonlight_Manor/Library/ScriptAssemblies/UnityEngine.UI.dll
Symbol file LoadedFromMemory is not a mono symbol file
Symbol file data-0x11f8e5e00 doesn't match image /Users/ksenichault/Desktop/CS179N/Moonlight_Manor/Library/ScriptAssemblies/Unity.EditorCoroutines.Editor.dll
Symbol file LoadedFromMemory is not a mono symbol file
Symbol file data-0x11f8eaa00 doesn't match image /Users/ksenichault/Desktop/CS179N/Moonlight_Manor/Library/ScriptAssemblies/Unity.VisualScripting.SettingsProvider.Editor.dll
Symbol file LoadedFromMemory is not a mono symbol file
Symbol file data-0x298608000 doesn't match image /Users/ksenichault/Desktop/CS179N/Moonlight_Manor/Library/ScriptAssemblies/Unity.Performance.Profile-Analyzer.Editor.dll
Symbol file LoadedFromMemory is not a mono symbol file
Symbol file data-0x132508000 doesn't match image /Users/ksenichault/Desktop/CS179N/Moonlight_Manor/Library/ScriptAssemblies/Unity.TestTools.CodeCoverage.Editor.dll
Symbol file LoadedFromMemory is not a mono symbol file
Symbol file data-0x11f8ec800 doesn't match image /Users/ksenichault/Desktop/CS179N/Moonlight_Manor/Library/ScriptAssemblies/Unity.TestTools.CodeCoverage.Editor.OpenCover.Model.dll
Symbol file LoadedFromMemory is not a mono symbol file
Symbol file data-0x298008000 doesn't match image /Users/ksenichault/Desktop/CS179N/Moonlight_Manor/Library/ScriptAssemblies/Unity.VisualScripting.State.Editor.dll
Symbol file LoadedFromMemory is not a mono symbol file
Symbol file data-0x1585f0000 doesn't match image /Users/ksenichault/Desktop/CS179N/Moonlight_Manor/Library/ScriptAssemblies/Unity.Timeline.Editor.dll
Symbol file LoadedFromMemory is not a mono symbol file
Symbol file data-0x14fd88600 doesn't match image /Users/ksenichault/Desktop/CS179N/Moonlight_Manor/Library/ScriptAssemblies/Unity.Settings.Editor.dll
Symbol file LoadedFromMemory is not a mono symbol file
Symbol file data-0x13804f800 doesn't match image /Users/ksenichault/Desktop/CS179N/Moonlight_Manor/Library/ScriptAssemblies/Unity.VisualScripting.Shared.Editor.dll
Symbol file LoadedFromMemory is not a mono symbol file
Symbol file data-0x138064e00 doesn't match image /Users/ksenichault/Desktop/CS179N/Moonlight_Manor/Library/ScriptAssemblies/Unity.CollabProxy.Editor.dll
Symbol file LoadedFromMemory is not a mono symbol file
Symbol file data-0x131658000 doesn't match image /Users/ksenichault/Desktop/CS179N/Moonlight_Manor/Library/ScriptAssemblies/Unity.TextMeshPro.dll
Symbol file LoadedFromMemory is not a mono symbol file
Symbol file data-0x1586e0000 doesn't match image /Users/ksenichault/Desktop/CS179N/Moonlight_Manor/Library/ScriptAssemblies/Unity.VisualScripting.Core.dll
Symbol file LoadedFromMemory is not a mono symbol file
Symbol file data-0x2a81b0000 doesn't match image /Users/ksenichault/Desktop/CS179N/Moonlight_Manor/Library/ScriptAssemblies/Unity.TextMeshPro.Editor.dll
Symbol file LoadedFromMemory is not a mono symbol file
Symbol file data-0x298008000 doesn't match image /Users/ksenichault/Desktop/CS179N/Moonlight_Manor/Library/ScriptAssemblies/UnityEditor.UI.dll
Symbol file LoadedFromMemory is not a mono symbol file
Symbol file data-0x2a81c8000 doesn't match image /Users/ksenichault/Desktop/CS179N/Moonlight_Manor/Library/ScriptAssemblies/Unity.VisualScripting.Core.Editor.dll
Symbol file LoadedFromMemory is not a mono symbol file
Symbol file data-0x138064e00 doesn't match image /Users/ksenichault/Desktop/CS179N/Moonlight_Manor/Library/ScriptAssemblies/Unity.VisualScripting.State.dll
Symbol file LoadedFromMemory is not a mono symbol file
Symbol file data-0x13806bc00 doesn't match image /Users/ksenichault/Desktop/CS179N/Moonlight_Manor/Library/ScriptAssemblies/Unity.VSCode.Editor.dll
Symbol file LoadedFromMemory is not a mono symbol file
Symbol file data-0x2a8148000 doesn't match image /Users/ksenichault/Desktop/CS179N/Moonlight_Manor/Library/ScriptAssemblies/UnityEditor.TestRunner.dll
Symbol file LoadedFromMemory is not a mono symbol file
Symbol file data-0x2e0048000 doesn't match image /Users/ksenichault/Desktop/CS179N/Moonlight_Manor/Library/ScriptAssemblies/Unity.VisualScripting.Flow.dll
Symbol file LoadedFromMemory is not a mono symbol file
Symbol file data-0x298720000 doesn't match image /Users/ksenichault/Desktop/CS179N/Moonlight_Manor/Library/ScriptAssemblies/Unity.VisualScripting.Flow.Editor.dll
Symbol file LoadedFromMemory is not a mono symbol file
- Loaded All Assemblies, in  0.876 seconds
Refreshing native plugins compatible for Editor in 1.88 ms, found 2 plugins.
Native extension for OSXStandalone target not found
Native extension for WebGL target not found
[Package Manager] Server::EnsureServerProcessIsRunning -- launch failed, reason: Unity was launched with the -noUpm command-line argument
[Package Manager] UpmClient::Send -- Unable to send message (not connected to UPM process).
[Package Manager] Cannot connect to Unity Package Manager local server
Mono: successfully reloaded assembly
- Finished resetting the current domain, in  1.776 seconds
Domain Reload Profiling: 2653ms
	BeginReloadAssembly (351ms)
		ExecutionOrderSort (0ms)
		DisableScriptedObjects (7ms)
		BackupInstance (0ms)
		ReleaseScriptingObjects (0ms)
		CreateAndSetChildDomain (173ms)
	RebuildCommonClasses (63ms)
	RebuildNativeTypeToScriptingClass (21ms)
	initialDomainReloadingComplete (38ms)
	LoadAllAssembliesAndSetupDomain (403ms)
		LoadAssemblies (471ms)
		RebuildTransferFunctionScriptingTraits (0ms)
		AnalyzeDomain (57ms)
			TypeCache.Refresh (32ms)
				TypeCache.ScanAssembly (1ms)
			ScanForSourceGeneratedMonoScriptInfo (13ms)
			ResolveRequiredComponents (10ms)
	FinalizeReload (1776ms)
		ReleaseScriptCaches (0ms)
		RebuildScriptCaches (0ms)
		SetupLoadedEditorAssemblies (761ms)
			LogAssemblyErrors (0ms)
			InitializePlatformSupportModulesInManaged (10ms)
			SetLoadedEditorAssemblies (6ms)
			RefreshPlugins (0ms)
			BeforeProcessingInitializeOnLoad (101ms)
			ProcessInitializeOnLoadAttributes (600ms)
			ProcessInitializeOnLoadMethodAttributes (40ms)
			AfterProcessingInitializeOnLoad (4ms)
			EditorAssembliesLoaded (0ms)
		ExecutionOrderSort2 (0ms)
		AwakeInstancesAfterBackupRestoration (8ms)
Refreshing native plugins compatible for Editor in 2.45 ms, found 2 plugins.
Preloading 0 native plugins for Editor in 0.00 ms.
Unloading 3095 Unused Serialized files (Serialized files now loaded: 0)
Unloading 22 unused Assets / (30.2 KB). Loaded Objects now: 3628.
Memory consumption went from 137.0 MB to 137.0 MB.
Total: 5.671667 ms (FindLiveObjects: 0.288791 ms CreateObjectMapping: 0.126208 ms MarkObjects: 5.162333 ms  DeleteObjects: 0.093042 ms)

Prepare: number of updated asset objects reloaded= 0
AssetImportParameters requested are different than current active one (requested -> active):
  custom:container-demuxer-ogg: 62fdf1f143b41e24485cea50d1cbac27 -> 
  custom:video-decoder-ogg-theora: a1e56fd34408186e4bbccfd4996cb3dc -> 
  custom:CustomObjectIndexerAttribute: 9a22284fe3817be447336de3de66b15e -> 
  custom:container-demuxer-webm: 4f35f7cbe854078d1ac9338744f61a02 -> 
  custom:container-muxer-webm: aa71ff27fc2769a1b78a27578f13a17b -> 
  custom:video-decoder-webm-vp8: 9c59270c3fd7afecdb556c50c9e8de78 -> 
  custom:SearchIndexIgnoredProperties: e643bd26f0fe6173181afceb89e7c659 -> 
  custom:AudioImporter_EditorPlatform: 3918e3fc78b5a79bad01e8451be0beb8 -> 
  custom:framework-osx-AVFoundation: e770b220cccbd017edd2c1fefb359320 -> 
  custom:video-encoder-webm-vp8: eb34c28f22e8b96e1ab97ce403110664 -> 
  custom:audio-decoder-ogg-vorbis: bf7c407c2cedff20999df2af8eb42d56 -> 
  custom:audio-encoder-webm-vorbis: bf7c407c2cedff20999df2af8eb42d56 -> 
========================================================================
Received Prepare
Begin MonoManager ReloadAssembly
Thread 0x16af97000 may have been prematurely finalized
Symbol file data-0x298758000 doesn't match image /Users/ksenichault/Desktop/CS179N/Moonlight_Manor/Library/ScriptAssemblies/Unity.Timeline.dll
Symbol file LoadedFromMemory is not a mono symbol file
Symbol file data-0x14c021000 doesn't match image /Users/ksenichault/Desktop/CS179N/Moonlight_Manor/Library/ScriptAssemblies/Unity.TestTools.CodeCoverage.Editor.OpenCover.Mono.Reflection.dll
Symbol file LoadedFromMemory is not a mono symbol file
Symbol file data-0x1586c0000 doesn't match image /Users/ksenichault/Desktop/CS179N/Moonlight_Manor/Library/ScriptAssemblies/UnityEngine.UI.dll
Symbol file LoadedFromMemory is not a mono symbol file
Symbol file data-0x12fbf1800 doesn't match image /Users/ksenichault/Desktop/CS179N/Moonlight_Manor/Library/ScriptAssemblies/Unity.EditorCoroutines.Editor.dll
Symbol file LoadedFromMemory is not a mono symbol file
Symbol file data-0x12fbfac00 doesn't match image /Users/ksenichault/Desktop/CS179N/Moonlight_Manor/Library/ScriptAssemblies/Unity.VisualScripting.SettingsProvider.Editor.dll
Symbol file LoadedFromMemory is not a mono symbol file
Symbol file data-0x158530000 doesn't match image /Users/ksenichault/Desktop/CS179N/Moonlight_Manor/Library/ScriptAssemblies/Unity.Performance.Profile-Analyzer.Editor.dll
Symbol file LoadedFromMemory is not a mono symbol file
Symbol file data-0x1319b8000 doesn't match image /Users/ksenichault/Desktop/CS179N/Moonlight_Manor/Library/ScriptAssemblies/Unity.TestTools.CodeCoverage.Editor.dll
Symbol file LoadedFromMemory is not a mono symbol file
Symbol file data-0x12fc01600 doesn't match image /Users/ksenichault/Desktop/CS179N/Moonlight_Manor/Library/ScriptAssemblies/Unity.TestTools.CodeCoverage.Editor.OpenCover.Model.dll
Symbol file LoadedFromMemory is not a mono symbol file
Symbol file data-0x1319b8000 doesn't match image /Users/ksenichault/Desktop/CS179N/Moonlight_Manor/Library/ScriptAssemblies/Unity.VisualScripting.State.Editor.dll
Symbol file LoadedFromMemory is not a mono symbol file
Symbol file data-0x131a30000 doesn't match image /Users/ksenichault/Desktop/CS179N/Moonlight_Manor/Library/ScriptAssemblies/Unity.Timeline.Editor.dll
Symbol file LoadedFromMemory is not a mono symbol file
Symbol file data-0x14fcdf200 doesn't match image /Users/ksenichault/Desktop/CS179N/Moonlight_Manor/Library/ScriptAssemblies/Unity.Settings.Editor.dll
Symbol file LoadedFromMemory is not a mono symbol file
Symbol file data-0x14fce6800 doesn't match image /Users/ksenichault/Desktop/CS179N/Moonlight_Manor/Library/ScriptAssemblies/Unity.VisualScripting.Shared.Editor.dll
Symbol file LoadedFromMemory is not a mono symbol file
Symbol file data-0x14fce4200 doesn't match image /Users/ksenichault/Desktop/CS179N/Moonlight_Manor/Library/ScriptAssemblies/Unity.CollabProxy.Editor.dll
Symbol file LoadedFromMemory is not a mono symbol file
Symbol file data-0x2a86c8000 doesn't match image /Users/ksenichault/Desktop/CS179N/Moonlight_Manor/Library/ScriptAssemblies/Unity.TextMeshPro.dll
Symbol file LoadedFromMemory is not a mono symbol file
Symbol file data-0x2a86f8000 doesn't match image /Users/ksenichault/Desktop/CS179N/Moonlight_Manor/Library/ScriptAssemblies/Unity.VisualScripting.Core.dll
Symbol file LoadedFromMemory is not a mono symbol file
Symbol file data-0x131b20000 doesn't match image /Users/ksenichault/Desktop/CS179N/Moonlight_Manor/Library/ScriptAssemblies/Unity.TextMeshPro.Editor.dll
Symbol file LoadedFromMemory is not a mono symbol file
Symbol file data-0x131a30000 doesn't match image /Users/ksenichault/Desktop/CS179N/Moonlight_Manor/Library/ScriptAssemblies/UnityEditor.UI.dll
Symbol file LoadedFromMemory is not a mono symbol file
Symbol file data-0x158108000 doesn't match image /Users/ksenichault/Desktop/CS179N/Moonlight_Manor/Library/ScriptAssemblies/Unity.VisualScripting.Core.Editor.dll
Symbol file LoadedFromMemory is not a mono symbol file
Symbol file data-0x14fce4200 doesn't match image /Users/ksenichault/Desktop/CS179N/Moonlight_Manor/Library/ScriptAssemblies/Unity.VisualScripting.State.dll
Symbol file LoadedFromMemory is not a mono symbol file
Symbol file data-0x12fc01600 doesn't match image /Users/ksenichault/Desktop/CS179N/Moonlight_Manor/Library/ScriptAssemblies/Unity.VSCode.Editor.dll
Symbol file LoadedFromMemory is not a mono symbol file
Symbol file data-0x298770000 doesn't match image /Users/ksenichault/Desktop/CS179N/Moonlight_Manor/Library/ScriptAssemblies/UnityEditor.TestRunner.dll
Symbol file LoadedFromMemory is not a mono symbol file
Symbol file data-0x131a40000 doesn't match image /Users/ksenichault/Desktop/CS179N/Moonlight_Manor/Library/ScriptAssemblies/Unity.VisualScripting.Flow.dll
Symbol file LoadedFromMemory is not a mono symbol file
Symbol file data-0x2a8700000 doesn't match image /Users/ksenichault/Desktop/CS179N/Moonlight_Manor/Library/ScriptAssemblies/Unity.VisualScripting.Flow.Editor.dll
Symbol file LoadedFromMemory is not a mono symbol file
- Loaded All Assemblies, in  0.463 seconds
Refreshing native plugins compatible for Editor in 1.08 ms, found 2 plugins.
Native extension for OSXStandalone target not found
Native extension for WebGL target not found
[Package Manager] Server::EnsureServerProcessIsRunning -- launch failed, reason: Unity was launched with the -noUpm command-line argument
[Package Manager] UpmClient::Send -- Unable to send message (not connected to UPM process).
[Package Manager] Cannot connect to Unity Package Manager local server
Mono: successfully reloaded assembly
- Finished resetting the current domain, in  0.970 seconds
Domain Reload Profiling: 1434ms
	BeginReloadAssembly (151ms)
		ExecutionOrderSort (0ms)
		DisableScriptedObjects (5ms)
		BackupInstance (0ms)
		ReleaseScriptingObjects (0ms)
		CreateAndSetChildDomain (52ms)
	RebuildCommonClasses (34ms)
	RebuildNativeTypeToScriptingClass (12ms)
	initialDomainReloadingComplete (29ms)
	LoadAllAssembliesAndSetupDomain (236ms)
		LoadAssemblies (255ms)
		RebuildTransferFunctionScriptingTraits (0ms)
		AnalyzeDomain (48ms)
			TypeCache.Refresh (23ms)
				TypeCache.ScanAssembly (0ms)
			ScanForSourceGeneratedMonoScriptInfo (13ms)
			ResolveRequiredComponents (11ms)
	FinalizeReload (971ms)
		ReleaseScriptCaches (0ms)
		RebuildScriptCaches (0ms)
		SetupLoadedEditorAssemblies (327ms)
			LogAssemblyErrors (0ms)
			InitializePlatformSupportModulesInManaged (5ms)
			SetLoadedEditorAssemblies (4ms)
			RefreshPlugins (0ms)
			BeforeProcessingInitializeOnLoad (47ms)
			ProcessInitializeOnLoadAttributes (253ms)
			ProcessInitializeOnLoadMethodAttributes (17ms)
			AfterProcessingInitializeOnLoad (1ms)
			EditorAssembliesLoaded (0ms)
		ExecutionOrderSort2 (0ms)
		AwakeInstancesAfterBackupRestoration (3ms)
Refreshing native plugins compatible for Editor in 1.28 ms, found 2 plugins.
Preloading 0 native plugins for Editor in 0.00 ms.
Unloading 3095 Unused Serialized files (Serialized files now loaded: 0)
Unloading 22 unused Assets / (30.5 KB). Loaded Objects now: 3631.
Memory consumption went from 143.9 MB to 143.9 MB.
Total: 3.267792 ms (FindLiveObjects: 0.153833 ms CreateObjectMapping: 0.070917 ms MarkObjects: 2.991375 ms  DeleteObjects: 0.051209 ms)

Prepare: number of updated asset objects reloaded= 0
AssetImportParameters requested are different than current active one (requested -> active):
  custom:container-demuxer-ogg: 62fdf1f143b41e24485cea50d1cbac27 -> 
  custom:video-decoder-ogg-theora: a1e56fd34408186e4bbccfd4996cb3dc -> 
  custom:CustomObjectIndexerAttribute: 9a22284fe3817be447336de3de66b15e -> 
  custom:container-demuxer-webm: 4f35f7cbe854078d1ac9338744f61a02 -> 
  custom:container-muxer-webm: aa71ff27fc2769a1b78a27578f13a17b -> 
  custom:video-decoder-webm-vp8: 9c59270c3fd7afecdb556c50c9e8de78 -> 
  custom:SearchIndexIgnoredProperties: e643bd26f0fe6173181afceb89e7c659 -> 
  custom:AudioImporter_EditorPlatform: 3918e3fc78b5a79bad01e8451be0beb8 -> 
  custom:framework-osx-AVFoundation: e770b220cccbd017edd2c1fefb359320 -> 
  custom:video-encoder-webm-vp8: eb34c28f22e8b96e1ab97ce403110664 -> 
  custom:audio-decoder-ogg-vorbis: bf7c407c2cedff20999df2af8eb42d56 -> 
  custom:audio-encoder-webm-vorbis: bf7c407c2cedff20999df2af8eb42d56 -> 
========================================================================
Received Prepare
Begin MonoManager ReloadAssembly
Thread 0x16af97000 may have been prematurely finalized
Symbol file data-0x1586c8000 doesn't match image /Users/ksenichault/Desktop/CS179N/Moonlight_Manor/Library/ScriptAssemblies/Unity.Timeline.dll
Symbol file LoadedFromMemory is not a mono symbol file
Symbol file data-0x12ff29600 doesn't match image /Users/ksenichault/Desktop/CS179N/Moonlight_Manor/Library/ScriptAssemblies/Unity.TestTools.CodeCoverage.Editor.OpenCover.Mono.Reflection.dll
Symbol file LoadedFromMemory is not a mono symbol file
Symbol file data-0x158150000 doesn't match image /Users/ksenichault/Desktop/CS179N/Moonlight_Manor/Library/ScriptAssemblies/UnityEngine.UI.dll
Symbol file LoadedFromMemory is not a mono symbol file
Symbol file data-0x12ff2b800 doesn't match image /Users/ksenichault/Desktop/CS179N/Moonlight_Manor/Library/ScriptAssemblies/Unity.EditorCoroutines.Editor.dll
Symbol file LoadedFromMemory is not a mono symbol file
Symbol file data-0x12ff34c00 doesn't match image /Users/ksenichault/Desktop/CS179N/Moonlight_Manor/Library/ScriptAssemblies/Unity.VisualScripting.SettingsProvider.Editor.dll
Symbol file LoadedFromMemory is not a mono symbol file
Symbol file data-0x1586c8000 doesn't match image /Users/ksenichault/Desktop/CS179N/Moonlight_Manor/Library/ScriptAssemblies/Unity.Performance.Profile-Analyzer.Editor.dll
Symbol file LoadedFromMemory is not a mono symbol file
Symbol file data-0x1586e8000 doesn't match image /Users/ksenichault/Desktop/CS179N/Moonlight_Manor/Library/ScriptAssemblies/Unity.TestTools.CodeCoverage.Editor.dll
Symbol file LoadedFromMemory is not a mono symbol file
Symbol file data-0x12ff3b600 doesn't match image /Users/ksenichault/Desktop/CS179N/Moonlight_Manor/Library/ScriptAssemblies/Unity.TestTools.CodeCoverage.Editor.OpenCover.Model.dll
Symbol file LoadedFromMemory is not a mono symbol file
Symbol file data-0x1586e8000 doesn't match image /Users/ksenichault/Desktop/CS179N/Moonlight_Manor/Library/ScriptAssemblies/Unity.VisualScripting.State.Editor.dll
Symbol file LoadedFromMemory is not a mono symbol file
Symbol file data-0x1583a0000 doesn't match image /Users/ksenichault/Desktop/CS179N/Moonlight_Manor/Library/ScriptAssemblies/Unity.Timeline.Editor.dll
Symbol file LoadedFromMemory is not a mono symbol file
Symbol file data-0x12ff3b600 doesn't match image /Users/ksenichault/Desktop/CS179N/Moonlight_Manor/Library/ScriptAssemblies/Unity.Settings.Editor.dll
Symbol file LoadedFromMemory is not a mono symbol file
Symbol file data-0x12ff46000 doesn't match image /Users/ksenichault/Desktop/CS179N/Moonlight_Manor/Library/ScriptAssemblies/Unity.VisualScripting.Shared.Editor.dll
Symbol file LoadedFromMemory is not a mono symbol file
Symbol file data-0x12ff3d600 doesn't match image /Users/ksenichault/Desktop/CS179N/Moonlight_Manor/Library/ScriptAssemblies/Unity.CollabProxy.Editor.dll
Symbol file LoadedFromMemory is not a mono symbol file
Symbol file data-0x158490000 doesn't match image /Users/ksenichault/Desktop/CS179N/Moonlight_Manor/Library/ScriptAssemblies/Unity.TextMeshPro.dll
Symbol file LoadedFromMemory is not a mono symbol file
Symbol file data-0x1583a0000 doesn't match image /Users/ksenichault/Desktop/CS179N/Moonlight_Manor/Library/ScriptAssemblies/Unity.VisualScripting.Core.dll
Symbol file LoadedFromMemory is not a mono symbol file
Symbol file data-0x158490000 doesn't match image /Users/ksenichault/Desktop/CS179N/Moonlight_Manor/Library/ScriptAssemblies/Unity.TextMeshPro.Editor.dll
Symbol file LoadedFromMemory is not a mono symbol file
Symbol file data-0x1584a8000 doesn't match image /Users/ksenichault/Desktop/CS179N/Moonlight_Manor/Library/ScriptAssemblies/UnityEditor.UI.dll
Symbol file LoadedFromMemory is not a mono symbol file
Symbol file data-0x1585a0000 doesn't match image /Users/ksenichault/Desktop/CS179N/Moonlight_Manor/Library/ScriptAssemblies/Unity.VisualScripting.Core.Editor.dll
Symbol file LoadedFromMemory is not a mono symbol file
Symbol file data-0x12ff4f600 doesn't match image /Users/ksenichault/Desktop/CS179N/Moonlight_Manor/Library/ScriptAssemblies/Unity.VisualScripting.State.dll
Symbol file LoadedFromMemory is not a mono symbol file
Symbol file data-0x12ff56400 doesn't match image /Users/ksenichault/Desktop/CS179N/Moonlight_Manor/Library/ScriptAssemblies/Unity.VSCode.Editor.dll
Symbol file LoadedFromMemory is not a mono symbol file
Symbol file data-0x158850000 doesn't match image /Users/ksenichault/Desktop/CS179N/Moonlight_Manor/Library/ScriptAssemblies/UnityEditor.TestRunner.dll
Symbol file LoadedFromMemory is not a mono symbol file
Symbol file data-0x1585a0000 doesn't match image /Users/ksenichault/Desktop/CS179N/Moonlight_Manor/Library/ScriptAssemblies/Unity.VisualScripting.Flow.dll
Symbol file LoadedFromMemory is not a mono symbol file
Symbol file data-0x158850000 doesn't match image /Users/ksenichault/Desktop/CS179N/Moonlight_Manor/Library/ScriptAssemblies/Unity.VisualScripting.Flow.Editor.dll
Symbol file LoadedFromMemory is not a mono symbol file
- Loaded All Assemblies, in  0.395 seconds
Refreshing native plugins compatible for Editor in 1.18 ms, found 2 plugins.
Native extension for OSXStandalone target not found
Native extension for WebGL target not found
[Package Manager] Server::EnsureServerProcessIsRunning -- launch failed, reason: Unity was launched with the -noUpm command-line argument
[Package Manager] UpmClient::Send -- Unable to send message (not connected to UPM process).
[Package Manager] Cannot connect to Unity Package Manager local server
Mono: successfully reloaded assembly
- Finished resetting the current domain, in  0.849 seconds
Domain Reload Profiling: 1244ms
	BeginReloadAssembly (130ms)
		ExecutionOrderSort (0ms)
		DisableScriptedObjects (5ms)
		BackupInstance (0ms)
		ReleaseScriptingObjects (0ms)
		CreateAndSetChildDomain (50ms)
	RebuildCommonClasses (37ms)
	RebuildNativeTypeToScriptingClass (14ms)
	initialDomainReloadingComplete (20ms)
	LoadAllAssembliesAndSetupDomain (194ms)
		LoadAssemblies (217ms)
		RebuildTransferFunctionScriptingTraits (0ms)
		AnalyzeDomain (24ms)
			TypeCache.Refresh (11ms)
				TypeCache.ScanAssembly (0ms)
			ScanForSourceGeneratedMonoScriptInfo (7ms)
			ResolveRequiredComponents (5ms)
	FinalizeReload (849ms)
		ReleaseScriptCaches (0ms)
		RebuildScriptCaches (0ms)
		SetupLoadedEditorAssemblies (322ms)
			LogAssemblyErrors (0ms)
			InitializePlatformSupportModulesInManaged (5ms)
			SetLoadedEditorAssemblies (4ms)
			RefreshPlugins (0ms)
			BeforeProcessingInitializeOnLoad (46ms)
			ProcessInitializeOnLoadAttributes (250ms)
			ProcessInitializeOnLoadMethodAttributes (16ms)
			AfterProcessingInitializeOnLoad (1ms)
			EditorAssembliesLoaded (0ms)
		ExecutionOrderSort2 (0ms)
		AwakeInstancesAfterBackupRestoration (3ms)
Refreshing native plugins compatible for Editor in 1.30 ms, found 2 plugins.
Preloading 0 native plugins for Editor in 0.00 ms.
Unloading 3095 Unused Serialized files (Serialized files now loaded: 0)
Unloading 22 unused Assets / (30.3 KB). Loaded Objects now: 3634.
Memory consumption went from 150.9 MB to 150.8 MB.
Total: 3.224208 ms (FindLiveObjects: 0.161834 ms CreateObjectMapping: 0.074125 ms MarkObjects: 2.937917 ms  DeleteObjects: 0.049667 ms)

Prepare: number of updated asset objects reloaded= 0
AssetImportParameters requested are different than current active one (requested -> active):
  custom:container-demuxer-ogg: 62fdf1f143b41e24485cea50d1cbac27 -> 
  custom:video-decoder-ogg-theora: a1e56fd34408186e4bbccfd4996cb3dc -> 
  custom:CustomObjectIndexerAttribute: 9a22284fe3817be447336de3de66b15e -> 
  custom:container-demuxer-webm: 4f35f7cbe854078d1ac9338744f61a02 -> 
  custom:container-muxer-webm: aa71ff27fc2769a1b78a27578f13a17b -> 
  custom:video-decoder-webm-vp8: 9c59270c3fd7afecdb556c50c9e8de78 -> 
  custom:SearchIndexIgnoredProperties: e643bd26f0fe6173181afceb89e7c659 -> 
  custom:AudioImporter_EditorPlatform: 3918e3fc78b5a79bad01e8451be0beb8 -> 
  custom:framework-osx-AVFoundation: e770b220cccbd017edd2c1fefb359320 -> 
  custom:video-encoder-webm-vp8: eb34c28f22e8b96e1ab97ce403110664 -> 
  custom:audio-decoder-ogg-vorbis: bf7c407c2cedff20999df2af8eb42d56 -> 
  custom:audio-encoder-webm-vorbis: bf7c407c2cedff20999df2af8eb42d56 -> 
========================================================================
Received Prepare
Begin MonoManager ReloadAssembly
Thread 0x16af97000 may have been prematurely finalized
Symbol file data-0x298110000 doesn't match image /Users/ksenichault/Desktop/CS179N/Moonlight_Manor/Library/ScriptAssemblies/Unity.Timeline.dll
Symbol file LoadedFromMemory is not a mono symbol file
Symbol file data-0x11fe49c00 doesn't match image /Users/ksenichault/Desktop/CS179N/Moonlight_Manor/Library/ScriptAssemblies/Unity.TestTools.CodeCoverage.Editor.OpenCover.Mono.Reflection.dll
Symbol file LoadedFromMemory is not a mono symbol file
Symbol file data-0x2987f8000 doesn't match image /Users/ksenichault/Desktop/CS179N/Moonlight_Manor/Library/ScriptAssemblies/UnityEngine.UI.dll
Symbol file LoadedFromMemory is not a mono symbol file
Symbol file data-0x11fe49c00 doesn't match image /Users/ksenichault/Desktop/CS179N/Moonlight_Manor/Library/ScriptAssemblies/Unity.EditorCoroutines.Editor.dll
Symbol file LoadedFromMemory is not a mono symbol file
Symbol file data-0x11fe53000 doesn't match image /Users/ksenichault/Desktop/CS179N/Moonlight_Manor/Library/ScriptAssemblies/Unity.VisualScripting.SettingsProvider.Editor.dll
Symbol file LoadedFromMemory is not a mono symbol file
Symbol file data-0x298100000 doesn't match image /Users/ksenichault/Desktop/CS179N/Moonlight_Manor/Library/ScriptAssemblies/Unity.Performance.Profile-Analyzer.Editor.dll
Symbol file LoadedFromMemory is not a mono symbol file
Symbol file data-0x298120000 doesn't match image /Users/ksenichault/Desktop/CS179N/Moonlight_Manor/Library/ScriptAssemblies/Unity.TestTools.CodeCoverage.Editor.dll
Symbol file LoadedFromMemory is not a mono symbol file
Symbol file data-0x11fe59a00 doesn't match image /Users/ksenichault/Desktop/CS179N/Moonlight_Manor/Library/ScriptAssemblies/Unity.TestTools.CodeCoverage.Editor.OpenCover.Model.dll
Symbol file LoadedFromMemory is not a mono symbol file
Symbol file data-0x298120000 doesn't match image /Users/ksenichault/Desktop/CS179N/Moonlight_Manor/Library/ScriptAssemblies/Unity.VisualScripting.State.Editor.dll
Symbol file LoadedFromMemory is not a mono symbol file
Symbol file data-0x298a48000 doesn't match image /Users/ksenichault/Desktop/CS179N/Moonlight_Manor/Library/ScriptAssemblies/Unity.Timeline.Editor.dll
Symbol file LoadedFromMemory is not a mono symbol file
Symbol file data-0x11fe59a00 doesn't match image /Users/ksenichault/Desktop/CS179N/Moonlight_Manor/Library/ScriptAssemblies/Unity.Settings.Editor.dll
Symbol file LoadedFromMemory is not a mono symbol file
Symbol file data-0x11fe64400 doesn't match image /Users/ksenichault/Desktop/CS179N/Moonlight_Manor/Library/ScriptAssemblies/Unity.VisualScripting.Shared.Editor.dll
Symbol file LoadedFromMemory is not a mono symbol file
Symbol file data-0x11fe64400 doesn't match image /Users/ksenichault/Desktop/CS179N/Moonlight_Manor/Library/ScriptAssemblies/Unity.CollabProxy.Editor.dll
Symbol file LoadedFromMemory is not a mono symbol file
Symbol file data-0x298b38000 doesn't match image /Users/ksenichault/Desktop/CS179N/Moonlight_Manor/Library/ScriptAssemblies/Unity.TextMeshPro.dll
Symbol file LoadedFromMemory is not a mono symbol file
Symbol file data-0x298a48000 doesn't match image /Users/ksenichault/Desktop/CS179N/Moonlight_Manor/Library/ScriptAssemblies/Unity.VisualScripting.Core.dll
Symbol file LoadedFromMemory is not a mono symbol file
Symbol file data-0x298b38000 doesn't match image /Users/ksenichault/Desktop/CS179N/Moonlight_Manor/Library/ScriptAssemblies/Unity.TextMeshPro.Editor.dll
Symbol file LoadedFromMemory is not a mono symbol file
Symbol file data-0x298b50000 doesn't match image /Users/ksenichault/Desktop/CS179N/Moonlight_Manor/Library/ScriptAssemblies/UnityEditor.UI.dll
Symbol file LoadedFromMemory is not a mono symbol file
Symbol file data-0x298d60000 doesn't match image /Users/ksenichault/Desktop/CS179N/Moonlight_Manor/Library/ScriptAssemblies/Unity.VisualScripting.Core.Editor.dll
Symbol file LoadedFromMemory is not a mono symbol file
Symbol file data-0x11fe6c200 doesn't match image /Users/ksenichault/Desktop/CS179N/Moonlight_Manor/Library/ScriptAssemblies/Unity.VisualScripting.State.dll
Symbol file LoadedFromMemory is not a mono symbol file
Symbol file data-0x11fe73000 doesn't match image /Users/ksenichault/Desktop/CS179N/Moonlight_Manor/Library/ScriptAssemblies/Unity.VSCode.Editor.dll
Symbol file LoadedFromMemory is not a mono symbol file
Symbol file data-0x298a68000 doesn't match image /Users/ksenichault/Desktop/CS179N/Moonlight_Manor/Library/ScriptAssemblies/UnityEditor.TestRunner.dll
Symbol file LoadedFromMemory is not a mono symbol file
Symbol file data-0x298d60000 doesn't match image /Users/ksenichault/Desktop/CS179N/Moonlight_Manor/Library/ScriptAssemblies/Unity.VisualScripting.Flow.dll
Symbol file LoadedFromMemory is not a mono symbol file
Symbol file data-0x1586a0000 doesn't match image /Users/ksenichault/Desktop/CS179N/Moonlight_Manor/Library/ScriptAssemblies/Unity.VisualScripting.Flow.Editor.dll
Symbol file LoadedFromMemory is not a mono symbol file
- Loaded All Assemblies, in  0.432 seconds
Refreshing native plugins compatible for Editor in 1.02 ms, found 2 plugins.
Native extension for OSXStandalone target not found
Native extension for WebGL target not found
[Package Manager] Server::EnsureServerProcessIsRunning -- launch failed, reason: Unity was launched with the -noUpm command-line argument
[Package Manager] UpmClient::Send -- Unable to send message (not connected to UPM process).
[Package Manager] Cannot connect to Unity Package Manager local server
Mono: successfully reloaded assembly
- Finished resetting the current domain, in  0.816 seconds
Domain Reload Profiling: 1248ms
	BeginReloadAssembly (154ms)
		ExecutionOrderSort (0ms)
		DisableScriptedObjects (11ms)
		BackupInstance (0ms)
		ReleaseScriptingObjects (0ms)
		CreateAndSetChildDomain (61ms)
	RebuildCommonClasses (35ms)
	RebuildNativeTypeToScriptingClass (12ms)
	initialDomainReloadingComplete (25ms)
	LoadAllAssembliesAndSetupDomain (205ms)
		LoadAssemblies (232ms)
		RebuildTransferFunctionScriptingTraits (0ms)
		AnalyzeDomain (25ms)
			TypeCache.Refresh (11ms)
				TypeCache.ScanAssembly (0ms)
			ScanForSourceGeneratedMonoScriptInfo (7ms)
			ResolveRequiredComponents (6ms)
	FinalizeReload (816ms)
		ReleaseScriptCaches (0ms)
		RebuildScriptCaches (0ms)
		SetupLoadedEditorAssemblies (321ms)
			LogAssemblyErrors (0ms)
			InitializePlatformSupportModulesInManaged (5ms)
			SetLoadedEditorAssemblies (4ms)
			RefreshPlugins (0ms)
			BeforeProcessingInitializeOnLoad (47ms)
			ProcessInitializeOnLoadAttributes (247ms)
			ProcessInitializeOnLoadMethodAttributes (17ms)
			AfterProcessingInitializeOnLoad (1ms)
			EditorAssembliesLoaded (0ms)
		ExecutionOrderSort2 (0ms)
		AwakeInstancesAfterBackupRestoration (3ms)
Refreshing native plugins compatible for Editor in 1.43 ms, found 2 plugins.
Preloading 0 native plugins for Editor in 0.00 ms.
Unloading 3095 Unused Serialized files (Serialized files now loaded: 0)
Unloading 22 unused Assets / (30.4 KB). Loaded Objects now: 3637.
Memory consumption went from 157.8 MB to 157.8 MB.
Total: 3.227125 ms (FindLiveObjects: 0.147334 ms CreateObjectMapping: 0.063917 ms MarkObjects: 2.965708 ms  DeleteObjects: 0.049416 ms)

Prepare: number of updated asset objects reloaded= 0
AssetImportParameters requested are different than current active one (requested -> active):
  custom:container-demuxer-ogg: 62fdf1f143b41e24485cea50d1cbac27 -> 
  custom:video-decoder-ogg-theora: a1e56fd34408186e4bbccfd4996cb3dc -> 
  custom:CustomObjectIndexerAttribute: 9a22284fe3817be447336de3de66b15e -> 
  custom:container-demuxer-webm: 4f35f7cbe854078d1ac9338744f61a02 -> 
  custom:container-muxer-webm: aa71ff27fc2769a1b78a27578f13a17b -> 
  custom:video-decoder-webm-vp8: 9c59270c3fd7afecdb556c50c9e8de78 -> 
  custom:SearchIndexIgnoredProperties: e643bd26f0fe6173181afceb89e7c659 -> 
  custom:AudioImporter_EditorPlatform: 3918e3fc78b5a79bad01e8451be0beb8 -> 
  custom:framework-osx-AVFoundation: e770b220cccbd017edd2c1fefb359320 -> 
  custom:video-encoder-webm-vp8: eb34c28f22e8b96e1ab97ce403110664 -> 
  custom:audio-decoder-ogg-vorbis: bf7c407c2cedff20999df2af8eb42d56 -> 
  custom:audio-encoder-webm-vorbis: bf7c407c2cedff20999df2af8eb42d56 -> 
========================================================================
Received Prepare
Begin MonoManager ReloadAssembly
Thread 0x16af97000 may have been prematurely finalized
Symbol file data-0x158658000 doesn't match image /Users/ksenichault/Desktop/CS179N/Moonlight_Manor/Library/ScriptAssemblies/Unity.Timeline.dll
Symbol file LoadedFromMemory is not a mono symbol file
Symbol file data-0x14fc30e00 doesn't match image /Users/ksenichault/Desktop/CS179N/Moonlight_Manor/Library/ScriptAssemblies/Unity.TestTools.CodeCoverage.Editor.OpenCover.Mono.Reflection.dll
Symbol file LoadedFromMemory is not a mono symbol file
Symbol file data-0x2a8050000 doesn't match image /Users/ksenichault/Desktop/CS179N/Moonlight_Manor/Library/ScriptAssemblies/UnityEngine.UI.dll
Symbol file LoadedFromMemory is not a mono symbol file
Symbol file data-0x12f811e00 doesn't match image /Users/ksenichault/Desktop/CS179N/Moonlight_Manor/Library/ScriptAssemblies/Unity.EditorCoroutines.Editor.dll
Symbol file LoadedFromMemory is not a mono symbol file
Symbol file data-0x12fa58a00 doesn't match image /Users/ksenichault/Desktop/CS179N/Moonlight_Manor/Library/ScriptAssemblies/Unity.VisualScripting.SettingsProvider.Editor.dll
Symbol file LoadedFromMemory is not a mono symbol file
Symbol file data-0x158060000 doesn't match image /Users/ksenichault/Desktop/CS179N/Moonlight_Manor/Library/ScriptAssemblies/Unity.Performance.Profile-Analyzer.Editor.dll
Symbol file LoadedFromMemory is not a mono symbol file
Symbol file data-0x1586e0000 doesn't match image /Users/ksenichault/Desktop/CS179N/Moonlight_Manor/Library/ScriptAssemblies/Unity.TestTools.CodeCoverage.Editor.dll
Symbol file LoadedFromMemory is not a mono symbol file
Symbol file data-0x151ea1600 doesn't match image /Users/ksenichault/Desktop/CS179N/Moonlight_Manor/Library/ScriptAssemblies/Unity.TestTools.CodeCoverage.Editor.OpenCover.Model.dll
Symbol file LoadedFromMemory is not a mono symbol file
Symbol file data-0x2e0148000 doesn't match image /Users/ksenichault/Desktop/CS179N/Moonlight_Manor/Library/ScriptAssemblies/Unity.VisualScripting.State.Editor.dll
Symbol file LoadedFromMemory is not a mono symbol file
Symbol file data-0x2a8238000 doesn't match image /Users/ksenichault/Desktop/CS179N/Moonlight_Manor/Library/ScriptAssemblies/Unity.Timeline.Editor.dll
Symbol file LoadedFromMemory is not a mono symbol file
Symbol file data-0x162304a00 doesn't match image /Users/ksenichault/Desktop/CS179N/Moonlight_Manor/Library/ScriptAssemblies/Unity.Settings.Editor.dll
Symbol file LoadedFromMemory is not a mono symbol file
Symbol file data-0x14c021000 doesn't match image /Users/ksenichault/Desktop/CS179N/Moonlight_Manor/Library/ScriptAssemblies/Unity.VisualScripting.Shared.Editor.dll
Symbol file LoadedFromMemory is not a mono symbol file
Symbol file data-0x12f811e00 doesn't match image /Users/ksenichault/Desktop/CS179N/Moonlight_Manor/Library/ScriptAssemblies/Unity.CollabProxy.Editor.dll
Symbol file LoadedFromMemory is not a mono symbol file
Symbol file data-0x158170000 doesn't match image /Users/ksenichault/Desktop/CS179N/Moonlight_Manor/Library/ScriptAssemblies/Unity.TextMeshPro.dll
Symbol file LoadedFromMemory is not a mono symbol file
Symbol file data-0x158240000 doesn't match image /Users/ksenichault/Desktop/CS179N/Moonlight_Manor/Library/ScriptAssemblies/Unity.VisualScripting.Core.dll
Symbol file LoadedFromMemory is not a mono symbol file
Symbol file data-0x158658000 doesn't match image /Users/ksenichault/Desktop/CS179N/Moonlight_Manor/Library/ScriptAssemblies/Unity.TextMeshPro.Editor.dll
Symbol file LoadedFromMemory is not a mono symbol file
Symbol file data-0x158088000 doesn't match image /Users/ksenichault/Desktop/CS179N/Moonlight_Manor/Library/ScriptAssemblies/UnityEditor.UI.dll
Symbol file LoadedFromMemory is not a mono symbol file
Symbol file data-0x1583e0000 doesn't match image /Users/ksenichault/Desktop/CS179N/Moonlight_Manor/Library/ScriptAssemblies/Unity.VisualScripting.Core.Editor.dll
Symbol file LoadedFromMemory is not a mono symbol file
Symbol file data-0x12fa58a00 doesn't match image /Users/ksenichault/Desktop/CS179N/Moonlight_Manor/Library/ScriptAssemblies/Unity.VisualScripting.State.dll
Symbol file LoadedFromMemory is not a mono symbol file
Symbol file data-0x12fa5f800 doesn't match image /Users/ksenichault/Desktop/CS179N/Moonlight_Manor/Library/ScriptAssemblies/Unity.VSCode.Editor.dll
Symbol file LoadedFromMemory is not a mono symbol file
Symbol file data-0x158440000 doesn't match image /Users/ksenichault/Desktop/CS179N/Moonlight_Manor/Library/ScriptAssemblies/UnityEditor.TestRunner.dll
Symbol file LoadedFromMemory is not a mono symbol file
Symbol file data-0x1583e0000 doesn't match image /Users/ksenichault/Desktop/CS179N/Moonlight_Manor/Library/ScriptAssemblies/Unity.VisualScripting.Flow.dll
Symbol file LoadedFromMemory is not a mono symbol file
Symbol file data-0x158410000 doesn't match image /Users/ksenichault/Desktop/CS179N/Moonlight_Manor/Library/ScriptAssemblies/Unity.VisualScripting.Flow.Editor.dll
Symbol file LoadedFromMemory is not a mono symbol file
- Loaded All Assemblies, in  0.401 seconds
Refreshing native plugins compatible for Editor in 1.24 ms, found 2 plugins.
Native extension for OSXStandalone target not found
Native extension for WebGL target not found
[Package Manager] Server::EnsureServerProcessIsRunning -- launch failed, reason: Unity was launched with the -noUpm command-line argument
[Package Manager] UpmClient::Send -- Unable to send message (not connected to UPM process).
[Package Manager] Cannot connect to Unity Package Manager local server
Mono: successfully reloaded assembly
- Finished resetting the current domain, in  1.280 seconds
Domain Reload Profiling: 1682ms
	BeginReloadAssembly (131ms)
		ExecutionOrderSort (0ms)
		DisableScriptedObjects (5ms)
		BackupInstance (0ms)
		ReleaseScriptingObjects (0ms)
		CreateAndSetChildDomain (46ms)
	RebuildCommonClasses (36ms)
	RebuildNativeTypeToScriptingClass (13ms)
	initialDomainReloadingComplete (21ms)
	LoadAllAssembliesAndSetupDomain (201ms)
		LoadAssemblies (227ms)
		RebuildTransferFunctionScriptingTraits (0ms)
		AnalyzeDomain (25ms)
			TypeCache.Refresh (18ms)
				TypeCache.ScanAssembly (0ms)
			ScanForSourceGeneratedMonoScriptInfo (0ms)
			ResolveRequiredComponents (6ms)
	FinalizeReload (1280ms)
		ReleaseScriptCaches (0ms)
		RebuildScriptCaches (0ms)
		SetupLoadedEditorAssemblies (692ms)
			LogAssemblyErrors (0ms)
			InitializePlatformSupportModulesInManaged (9ms)
			SetLoadedEditorAssemblies (6ms)
			RefreshPlugins (0ms)
			BeforeProcessingInitializeOnLoad (123ms)
			ProcessInitializeOnLoadAttributes (522ms)
			ProcessInitializeOnLoadMethodAttributes (31ms)
			AfterProcessingInitializeOnLoad (2ms)
			EditorAssembliesLoaded (0ms)
		ExecutionOrderSort2 (0ms)
		AwakeInstancesAfterBackupRestoration (12ms)
Refreshing native plugins compatible for Editor in 2.15 ms, found 2 plugins.
Preloading 0 native plugins for Editor in 0.00 ms.
Unloading 3095 Unused Serialized files (Serialized files now loaded: 0)
Unloading 22 unused Assets / (30.4 KB). Loaded Objects now: 3640.
Memory consumption went from 164.7 MB to 164.7 MB.
Total: 7.291917 ms (FindLiveObjects: 0.494792 ms CreateObjectMapping: 0.138958 ms MarkObjects: 6.558583 ms  DeleteObjects: 0.098333 ms)

Prepare: number of updated asset objects reloaded= 0
AssetImportParameters requested are different than current active one (requested -> active):
  custom:container-demuxer-ogg: 62fdf1f143b41e24485cea50d1cbac27 -> 
  custom:video-decoder-ogg-theora: a1e56fd34408186e4bbccfd4996cb3dc -> 
  custom:CustomObjectIndexerAttribute: 9a22284fe3817be447336de3de66b15e -> 
  custom:container-demuxer-webm: 4f35f7cbe854078d1ac9338744f61a02 -> 
  custom:container-muxer-webm: aa71ff27fc2769a1b78a27578f13a17b -> 
  custom:video-decoder-webm-vp8: 9c59270c3fd7afecdb556c50c9e8de78 -> 
  custom:SearchIndexIgnoredProperties: e643bd26f0fe6173181afceb89e7c659 -> 
  custom:AudioImporter_EditorPlatform: 3918e3fc78b5a79bad01e8451be0beb8 -> 
  custom:framework-osx-AVFoundation: e770b220cccbd017edd2c1fefb359320 -> 
  custom:video-encoder-webm-vp8: eb34c28f22e8b96e1ab97ce403110664 -> 
  custom:audio-decoder-ogg-vorbis: bf7c407c2cedff20999df2af8eb42d56 -> 
  custom:audio-encoder-webm-vorbis: bf7c407c2cedff20999df2af8eb42d56 -> 
